0 info it worked if it ends with ok
1 verbose cli [ 'node', '/usr/local/bin/npm', 'install', '-g', 'coveralls' ]
2 info using npm@1.3.21
3 info using node@v0.10.24
4 verbose cache add [ 'coveralls', null ]
5 verbose cache add name=undefined spec="coveralls" args=["coveralls",null]
6 verbose parsed url { protocol: null,
6 verbose parsed url   slashes: null,
6 verbose parsed url   auth: null,
6 verbose parsed url   host: null,
6 verbose parsed url   port: null,
6 verbose parsed url   hostname: null,
6 verbose parsed url   hash: null,
6 verbose parsed url   search: null,
6 verbose parsed url   query: null,
6 verbose parsed url   pathname: 'coveralls',
6 verbose parsed url   path: 'coveralls',
6 verbose parsed url   href: 'coveralls' }
7 silly lockFile 53fc9bcf-coveralls coveralls
8 verbose lock coveralls /Users/yuhong/.npm/53fc9bcf-coveralls.lock
9 silly lockFile 53fc9bcf-coveralls coveralls
10 silly lockFile 53fc9bcf-coveralls coveralls
11 verbose addNamed [ 'coveralls', '' ]
12 verbose addNamed [ null, '*' ]
13 silly lockFile c2a1b9ca-coveralls coveralls@
14 verbose lock coveralls@ /Users/yuhong/.npm/c2a1b9ca-coveralls.lock
15 silly addNameRange { name: 'coveralls', range: '*', hasData: false }
16 verbose url raw coveralls
17 verbose url resolving [ 'http://registry.cnpmjs.org/', './coveralls' ]
18 verbose url resolved http://registry.cnpmjs.org/coveralls
19 info trying registry request attempt 1 at 16:14:47
20 verbose etag "1404754375000"
21 http GET http://registry.cnpmjs.org/coveralls
22 http 304 http://registry.cnpmjs.org/coveralls
23 silly registry.get cb [ 304,
23 silly registry.get   { server: 'nginx/1.4.1 (Ubuntu)',
23 silly registry.get     date: 'Tue, 15 Jul 2014 08:14:13 GMT',
23 silly registry.get     connection: 'keep-alive',
23 silly registry.get     'x-powered-by': 'koa',
23 silly registry.get     etag: '"1404754375000"',
23 silly registry.get     'x-readtime': '14' } ]
24 verbose etag coveralls from cache
25 silly addNameRange number 2 { name: 'coveralls', range: '*', hasData: true }
26 silly addNameRange versions [ 'coveralls',
26 silly addNameRange   [ '2.11.1',
26 silly addNameRange     '2.11.0',
26 silly addNameRange     '2.10.1',
26 silly addNameRange     '2.10.0',
26 silly addNameRange     '2.8.0',
26 silly addNameRange     '2.7.1',
26 silly addNameRange     '2.7.0',
26 silly addNameRange     '2.6.1',
26 silly addNameRange     '2.6.0',
26 silly addNameRange     '2.5.0',
26 silly addNameRange     '2.3.0',
26 silly addNameRange     '2.2.0',
26 silly addNameRange     '2.1.0',
26 silly addNameRange     '2.0.16',
26 silly addNameRange     '2.0.15',
26 silly addNameRange     '2.0.13',
26 silly addNameRange     '2.0.12',
26 silly addNameRange     '2.0.11',
26 silly addNameRange     '2.0.10',
26 silly addNameRange     '2.0.9',
26 silly addNameRange     '2.0.8',
26 silly addNameRange     '2.0.7',
26 silly addNameRange     '2.0.6',
26 silly addNameRange     '2.0.5',
26 silly addNameRange     '2.0.4',
26 silly addNameRange     '2.0.3',
26 silly addNameRange     '2.0.2',
26 silly addNameRange     '2.0.1',
26 silly addNameRange     '2.0.0',
26 silly addNameRange     '1.1.3',
26 silly addNameRange     '1.1.2',
26 silly addNameRange     '1.1.1',
26 silly addNameRange     '1.1.0',
26 silly addNameRange     '1.0.0' ] ]
27 verbose addNamed [ 'coveralls', '2.11.1' ]
28 verbose addNamed [ '2.11.1', '2.11.1' ]
29 silly lockFile 98062456-coveralls-2-11-1 coveralls@2.11.1
30 verbose lock coveralls@2.11.1 /Users/yuhong/.npm/98062456-coveralls-2-11-1.lock
31 silly lockFile e4363ac9-ls-download-coveralls-2-11-1-tgz http://registry.cnpmjs.org/coveralls/download/coveralls-2.11.1.tgz
32 verbose lock http://registry.cnpmjs.org/coveralls/download/coveralls-2.11.1.tgz /Users/yuhong/.npm/e4363ac9-ls-download-coveralls-2-11-1-tgz.lock
33 verbose addRemoteTarball [ 'http://registry.cnpmjs.org/coveralls/download/coveralls-2.11.1.tgz',
33 verbose addRemoteTarball   'fedc951296207cc5eb545476923e64f20cf7854d' ]
34 info retry fetch attempt 1 at 16:14:48
35 verbose fetch to= /var/folders/h9/sv1632ws3193k652x63kvz900000gn/T/npm-13167-CYarqsGB/1405412088868-0.3484684794675559/tmp.tgz
36 http GET http://registry.cnpmjs.org/coveralls/download/coveralls-2.11.1.tgz
37 http 200 http://registry.cnpmjs.org/coveralls/download/coveralls-2.11.1.tgz
38 verbose tar unpack /var/folders/h9/sv1632ws3193k652x63kvz900000gn/T/npm-13167-CYarqsGB/1405412088868-0.3484684794675559/tmp.tgz
39 silly lockFile a03212a4-88868-0-3484684794675559-package tar:///var/folders/h9/sv1632ws3193k652x63kvz900000gn/T/npm-13167-CYarqsGB/1405412088868-0.3484684794675559/package
40 verbose lock tar:///var/folders/h9/sv1632ws3193k652x63kvz900000gn/T/npm-13167-CYarqsGB/1405412088868-0.3484684794675559/package /Users/yuhong/.npm/a03212a4-88868-0-3484684794675559-package.lock
41 silly lockFile 4d71a0f3-88868-0-3484684794675559-tmp-tgz tar:///var/folders/h9/sv1632ws3193k652x63kvz900000gn/T/npm-13167-CYarqsGB/1405412088868-0.3484684794675559/tmp.tgz
42 verbose lock tar:///var/folders/h9/sv1632ws3193k652x63kvz900000gn/T/npm-13167-CYarqsGB/1405412088868-0.3484684794675559/tmp.tgz /Users/yuhong/.npm/4d71a0f3-88868-0-3484684794675559-tmp-tgz.lock
43 silly gunzTarPerm modes [ '755', '644' ]
44 silly gunzTarPerm extractEntry package.json
45 silly gunzTarPerm modified mode [ 'package.json', 436, 420 ]
46 silly gunzTarPerm extractEntry .npmignore
47 silly gunzTarPerm modified mode [ '.npmignore', 436, 420 ]
48 silly gunzTarPerm extractEntry README.md
49 silly gunzTarPerm modified mode [ 'README.md', 436, 420 ]
50 silly gunzTarPerm extractEntry index.js
51 silly gunzTarPerm modified mode [ 'index.js', 436, 420 ]
52 silly gunzTarPerm extractEntry bin/coveralls.js
53 silly gunzTarPerm modified mode [ 'bin/coveralls.js', 509, 493 ]
54 silly gunzTarPerm extractEntry .travis.yml
55 silly gunzTarPerm modified mode [ '.travis.yml', 436, 420 ]
56 silly gunzTarPerm extractEntry Makefile
57 silly gunzTarPerm modified mode [ 'Makefile', 436, 420 ]
58 silly gunzTarPerm extractEntry lib/convertLcovToCoveralls.js
59 silly gunzTarPerm modified mode [ 'lib/convertLcovToCoveralls.js', 436, 420 ]
60 silly gunzTarPerm extractEntry lib/detectLocalGit.js
61 silly gunzTarPerm modified mode [ 'lib/detectLocalGit.js', 436, 420 ]
62 silly gunzTarPerm extractEntry lib/fetchGitData.js
63 silly gunzTarPerm modified mode [ 'lib/fetchGitData.js', 436, 420 ]
64 silly gunzTarPerm extractEntry lib/getOptions.js
65 silly gunzTarPerm modified mode [ 'lib/getOptions.js', 436, 420 ]
66 silly gunzTarPerm extractEntry lib/handleInput.js
67 silly gunzTarPerm modified mode [ 'lib/handleInput.js', 436, 420 ]
68 silly gunzTarPerm extractEntry lib/logger.js
69 silly gunzTarPerm modified mode [ 'lib/logger.js', 436, 420 ]
70 silly gunzTarPerm extractEntry lib/sendToCoveralls.js
71 silly gunzTarPerm modified mode [ 'lib/sendToCoveralls.js', 436, 420 ]
72 silly gunzTarPerm extractEntry test/convertLcovToCoveralls.js
73 silly gunzTarPerm modified mode [ 'test/convertLcovToCoveralls.js', 436, 420 ]
74 silly gunzTarPerm extractEntry test/fetchGitData.js
75 silly gunzTarPerm modified mode [ 'test/fetchGitData.js', 436, 420 ]
76 silly gunzTarPerm extractEntry test/getOptions.js
77 silly gunzTarPerm modified mode [ 'test/getOptions.js', 436, 420 ]
78 silly gunzTarPerm extractEntry test/handleInput.js
79 silly gunzTarPerm modified mode [ 'test/handleInput.js', 436, 420 ]
80 silly gunzTarPerm extractEntry test/logger.js
81 silly gunzTarPerm modified mode [ 'test/logger.js', 436, 420 ]
82 silly gunzTarPerm extractEntry test/sendToCoveralls.js
83 silly gunzTarPerm modified mode [ 'test/sendToCoveralls.js', 436, 420 ]
84 silly gunzTarPerm extractEntry fixtures/istanbul.lcov
85 silly gunzTarPerm modified mode [ 'fixtures/istanbul.lcov', 436, 420 ]
86 silly gunzTarPerm extractEntry fixtures/lib/index.js
87 silly gunzTarPerm modified mode [ 'fixtures/lib/index.js', 436, 420 ]
88 silly gunzTarPerm extractEntry fixtures/onefile.lcov
89 silly gunzTarPerm modified mode [ 'fixtures/onefile.lcov', 436, 420 ]
90 silly lockFile a03212a4-88868-0-3484684794675559-package tar:///var/folders/h9/sv1632ws3193k652x63kvz900000gn/T/npm-13167-CYarqsGB/1405412088868-0.3484684794675559/package
91 silly lockFile a03212a4-88868-0-3484684794675559-package tar:///var/folders/h9/sv1632ws3193k652x63kvz900000gn/T/npm-13167-CYarqsGB/1405412088868-0.3484684794675559/package
92 silly lockFile 4d71a0f3-88868-0-3484684794675559-tmp-tgz tar:///var/folders/h9/sv1632ws3193k652x63kvz900000gn/T/npm-13167-CYarqsGB/1405412088868-0.3484684794675559/tmp.tgz
93 silly lockFile 4d71a0f3-88868-0-3484684794675559-tmp-tgz tar:///var/folders/h9/sv1632ws3193k652x63kvz900000gn/T/npm-13167-CYarqsGB/1405412088868-0.3484684794675559/tmp.tgz
94 verbose tar pack [ '/Users/yuhong/.npm/coveralls/2.11.1/package.tgz',
94 verbose tar pack   '/var/folders/h9/sv1632ws3193k652x63kvz900000gn/T/npm-13167-CYarqsGB/1405412088868-0.3484684794675559/package' ]
95 verbose tarball /Users/yuhong/.npm/coveralls/2.11.1/package.tgz
96 verbose folder /var/folders/h9/sv1632ws3193k652x63kvz900000gn/T/npm-13167-CYarqsGB/1405412088868-0.3484684794675559/package
97 silly lockFile a03212a4-88868-0-3484684794675559-package tar:///var/folders/h9/sv1632ws3193k652x63kvz900000gn/T/npm-13167-CYarqsGB/1405412088868-0.3484684794675559/package
98 verbose lock tar:///var/folders/h9/sv1632ws3193k652x63kvz900000gn/T/npm-13167-CYarqsGB/1405412088868-0.3484684794675559/package /Users/yuhong/.npm/a03212a4-88868-0-3484684794675559-package.lock
99 silly lockFile 4bc0d032-npm-coveralls-2-11-1-package-tgz tar:///Users/yuhong/.npm/coveralls/2.11.1/package.tgz
100 verbose lock tar:///Users/yuhong/.npm/coveralls/2.11.1/package.tgz /Users/yuhong/.npm/4bc0d032-npm-coveralls-2-11-1-package-tgz.lock
101 silly lockFile a03212a4-88868-0-3484684794675559-package tar:///var/folders/h9/sv1632ws3193k652x63kvz900000gn/T/npm-13167-CYarqsGB/1405412088868-0.3484684794675559/package
102 silly lockFile a03212a4-88868-0-3484684794675559-package tar:///var/folders/h9/sv1632ws3193k652x63kvz900000gn/T/npm-13167-CYarqsGB/1405412088868-0.3484684794675559/package
103 silly lockFile 4bc0d032-npm-coveralls-2-11-1-package-tgz tar:///Users/yuhong/.npm/coveralls/2.11.1/package.tgz
104 silly lockFile 4bc0d032-npm-coveralls-2-11-1-package-tgz tar:///Users/yuhong/.npm/coveralls/2.11.1/package.tgz
105 silly lockFile 2e9cb498-ong-npm-coveralls-2-11-1-package /Users/yuhong/.npm/coveralls/2.11.1/package
106 verbose lock /Users/yuhong/.npm/coveralls/2.11.1/package /Users/yuhong/.npm/2e9cb498-ong-npm-coveralls-2-11-1-package.lock
107 silly lockFile 2e9cb498-ong-npm-coveralls-2-11-1-package /Users/yuhong/.npm/coveralls/2.11.1/package
108 silly lockFile 2e9cb498-ong-npm-coveralls-2-11-1-package /Users/yuhong/.npm/coveralls/2.11.1/package
109 verbose tar unpack /Users/yuhong/.npm/coveralls/2.11.1/package.tgz
110 silly lockFile 1c3f8da8-ong-npm-coveralls-2-11-1-package tar:///Users/yuhong/.npm/coveralls/2.11.1/package
111 verbose lock tar:///Users/yuhong/.npm/coveralls/2.11.1/package /Users/yuhong/.npm/1c3f8da8-ong-npm-coveralls-2-11-1-package.lock
112 silly lockFile 4bc0d032-npm-coveralls-2-11-1-package-tgz tar:///Users/yuhong/.npm/coveralls/2.11.1/package.tgz
113 verbose lock tar:///Users/yuhong/.npm/coveralls/2.11.1/package.tgz /Users/yuhong/.npm/4bc0d032-npm-coveralls-2-11-1-package-tgz.lock
114 silly gunzTarPerm modes [ '755', '644' ]
115 silly gunzTarPerm extractEntry package.json
116 silly gunzTarPerm extractEntry .npmignore
117 silly gunzTarPerm extractEntry README.md
118 silly gunzTarPerm extractEntry index.js
119 silly gunzTarPerm extractEntry .travis.yml
120 silly gunzTarPerm extractEntry Makefile
121 silly gunzTarPerm extractEntry bin/coveralls.js
122 silly gunzTarPerm extractEntry fixtures/istanbul.lcov
123 silly gunzTarPerm extractEntry fixtures/lib/index.js
124 silly gunzTarPerm extractEntry fixtures/onefile.lcov
125 silly gunzTarPerm extractEntry lib/convertLcovToCoveralls.js
126 silly gunzTarPerm extractEntry lib/detectLocalGit.js
127 silly gunzTarPerm extractEntry lib/fetchGitData.js
128 silly gunzTarPerm extractEntry lib/getOptions.js
129 silly gunzTarPerm extractEntry lib/handleInput.js
130 silly gunzTarPerm extractEntry lib/logger.js
131 silly gunzTarPerm extractEntry lib/sendToCoveralls.js
132 silly gunzTarPerm extractEntry test/convertLcovToCoveralls.js
133 silly gunzTarPerm extractEntry test/fetchGitData.js
134 silly gunzTarPerm extractEntry test/getOptions.js
135 silly gunzTarPerm extractEntry test/handleInput.js
136 silly gunzTarPerm extractEntry test/logger.js
137 silly gunzTarPerm extractEntry test/sendToCoveralls.js
138 silly lockFile 1c3f8da8-ong-npm-coveralls-2-11-1-package tar:///Users/yuhong/.npm/coveralls/2.11.1/package
139 silly lockFile 1c3f8da8-ong-npm-coveralls-2-11-1-package tar:///Users/yuhong/.npm/coveralls/2.11.1/package
140 silly lockFile 4bc0d032-npm-coveralls-2-11-1-package-tgz tar:///Users/yuhong/.npm/coveralls/2.11.1/package.tgz
141 silly lockFile 4bc0d032-npm-coveralls-2-11-1-package-tgz tar:///Users/yuhong/.npm/coveralls/2.11.1/package.tgz
142 verbose chmod /Users/yuhong/.npm/coveralls/2.11.1/package.tgz 644
143 verbose chown /Users/yuhong/.npm/coveralls/2.11.1/package.tgz [ 501, 20 ]
144 silly lockFile e4363ac9-ls-download-coveralls-2-11-1-tgz http://registry.cnpmjs.org/coveralls/download/coveralls-2.11.1.tgz
145 silly lockFile e4363ac9-ls-download-coveralls-2-11-1-tgz http://registry.cnpmjs.org/coveralls/download/coveralls-2.11.1.tgz
146 silly lockFile 98062456-coveralls-2-11-1 coveralls@2.11.1
147 silly lockFile 98062456-coveralls-2-11-1 coveralls@2.11.1
148 silly lockFile c2a1b9ca-coveralls coveralls@
149 silly lockFile c2a1b9ca-coveralls coveralls@
150 silly resolved [ { name: 'coveralls',
150 silly resolved     description: 'takes json-cov output into stdin and POSTs to coveralls.io',
150 silly resolved     keywords: [ 'coverage', 'coveralls' ],
150 silly resolved     version: '2.11.1',
150 silly resolved     bugs: { url: 'https://github.com/cainus/node-coveralls/issues' },
150 silly resolved     scripts: { test: 'make test' },
150 silly resolved     bin: { coveralls: './bin/coveralls.js' },
150 silly resolved     maintainers: [ [Object] ],
150 silly resolved     contributors: [ [Object], [Object], [Object], [Object], [Object], [Object] ],
150 silly resolved     dependencies:
150 silly resolved      { 'js-yaml': '3.0.1',
150 silly resolved        'lcov-parse': '0.0.6',
150 silly resolved        'log-driver': '1.2.4',
150 silly resolved        request: '2.36.0' },
150 silly resolved     devDependencies:
150 silly resolved      { 'sinon-restore': '1.0.0',
150 silly resolved        'mocha-lcov-reporter': '0.0.1',
150 silly resolved        mocha: '1.8.1',
150 silly resolved        should: '1.1.0',
150 silly resolved        istanbul: '0.2.10',
150 silly resolved        jshint: '2.1.3' },
150 silly resolved     engines: { node: '>=0.8.6' },
150 silly resolved     main: 'index.js',
150 silly resolved     directories: { test: 'test' },
150 silly resolved     repository:
150 silly resolved      { type: 'git',
150 silly resolved        url: 'git://github.com/cainus/node-coveralls.git' },
150 silly resolved     author: { name: 'Gregg Caines' },
150 silly resolved     license: 'BSD',
150 silly resolved     readme: '#node-coveralls\n\n[![Build Status][travis-image]][travis-url] [![Coverage Status][coveralls-image]][coveralls-url] [![Codeship Build Status][codeship-image]][codeship-url]\n\n[Coveralls.io](https://coveralls.io/) support for node.js.  Get the great coverage reporting of coveralls.io and add a cool coverage button ( like the one above ) to your README.\n\nSupported CI services:  [travis-ci](https://travis-ci.org/), [codeship](https://www.codeship.io/), [circle-ci](https://circleci.com/), [jenkins](http://jenkins-ci.org/)\n\n##Installation: \nAdd the latest version of `coveralls` to your package.json:\n``` \nnpm install coveralls --save \n```\n\nIf you\'re using mocha, add `mocha-lcov-reporter` to your package.json:\n``` \nnpm install mocha-lcov-reporter --save \n```\n\n##Usage:\n\nThis script ( `bin/coveralls.js` ) can take standard input from any tool that emits the lcov data format (including [mocha](http://visionmedia.github.com/mocha/)\'s [LCov reporter](https://npmjs.org/package/mocha-lcov-reporter)) and send it to coveralls.io to report your code coverage there.\n\nOnce your app is instrumented for coverage, and building, you need to pipe the lcov output to `./node_modules/coveralls/bin/coveralls.js`.\n\nThis library currently supports [travis-ci](https://travis-ci.org/) with no extra effort beyond that, but if \nyou\'re using a different build system, there are a few environment variables that are necessary:\n* COVERALLS_SERVICE_NAME  (the name of your build system)\n* COVERALLS_REPO_TOKEN (the secret repo token from coveralls.io)\n\nThere are optional environment variables for other build systems as well:\n* COVERALLS_SERVICE_JOB_ID  (an id that uniquely identifies the build job)\n* COVERALLS_RUN_AT  (a date string for the time that the job ran.  RFC 3339 dates work.  This defaults to your \nbuild system\'s date/time if you don\'t set it.)\n\n### [Mocha](http://visionmedia.github.io/mocha/) + [Blanket.js](https://github.com/alex-seville/blanket)\n- Install [blanket.js](http://blanketjs.org/)\n- Configure blanket according to [docs](https://github.com/alex-seville/blanket/blob/master/docs/getting_started_node.md).\n- Run your tests with a command like this:\n\n```sh\nNODE_ENV=test YOURPACKAGE_COVERAGE=1 ./node_modules/.bin/mocha \\\n  --require blanket \\\n  --reporter mocha-lcov-reporter | ./node_modules/coveralls/bin/coveralls.js\n```\n### [Mocha](http://visionmedia.github.io/mocha/) + [JSCoverage](https://github.com/fishbar/jscoverage)\n\nInstrumenting your app for coverage is probably harder than it needs to be (read [here](http://www.seejohncode.com/2012/03/13/setting-up-mocha-jscoverage/) or [here](http://tjholowaychuk.com/post/18175682663/mocha-test-coverage)), but that\'s also a necessary step. \n\nIn mocha, if you\'ve got your code instrumented for coverage, the command for a travis build would look something like this:\n```sh\nYOURPACKAGE_COVERAGE=1 ./node_modules/.bin/mocha test -R mocha-lcov-reporter | ./node_modules/coveralls/bin/coveralls.js\n```\nCheck out an example [Makefile](https://github.com/cainus/urlgrey/blob/master/Makefile) from one of my projects for an example, especially the test-coveralls build target.  Note: Travis runs `npm test`, so whatever target you create in your Makefile must be the target that `npm test` runs (This is set in package.json\'s \'scripts\' property).\n\n### [Istanbul](https://github.com/gotwarlost/istanbul)\n```sh\nistanbul cover ./node_modules/mocha/bin/_mocha --report lcovonly -- -R spec && cat ./coverage/lcov.info | ./node_modules/coveralls/bin/coveralls.js && rm -rf ./coverage\n```\n\n### [Nodeunit](https://github.com/caolan/nodeunit) + [JSCoverage](https://github.com/fishbar/jscoverage)\n\nDepend on nodeunit, jscoverage and coveralls:\n\n```sh\nnpm install nodeunit jscoverage coveralls --save-dev\n```\n\nAdd a coveralls script to "scripts" in your `package.json`:\n\n```javascript\n"scripts": {\n  "test": "nodeunit test",\n  "coveralls": "jscoverage lib && YOURPACKAGE_COVERAGE=1 nodeunit --reporter=lcov test | coveralls"\n}\n```\n\nEnsure your app requires instrumented code when `process.env.YOURPACKAGE_COVERAGE` variable is defined.\n\nRun your tests with a command like this:\n\n```sh\nnpm run coveralls\n```\n\nFor detailed instructions on requiring instrumented code, running on Travis and submitting to coveralls [see this guide](https://github.com/alanshaw/nodeunit-lcov-coveralls-example).\n\n### [Poncho](https://github.com/deepsweet/poncho)\nClient-side JS code coverage using [PhantomJS](https://github.com/ariya/phantomjs), [Mocha](https://github.com/visionmedia/mocha) and [Blanket](https://github.com/alex-seville/blanket):\n- [Configure](http://visionmedia.github.io/mocha/#browser-support) Mocha for browser\n- [Mark](https://github.com/deepsweet/poncho#usage) target script(s) with `data-cover` html-attribute\n- Run your tests with a command like this:\n\n```sh\n./node_modules/.bin/poncho -R lcov test/test.html | ./node_modules/coveralls/bin/coveralls.js\n```\n\n## Running locally\n\nIf you\'re running locally, you must have a `.coveralls.yml` file, as documented in [their documentation](https://coveralls.io/docs/ruby), with your `repo_token` in it; or, you must provide a `COVERALLS_REPO_TOKEN` environment-variable on the command-line.\n\nIf you want to send commit data to coveralls, you can set the `COVERALLS_GIT_COMMIT` environment-variable to the commit hash you wish to reference. If you don\'t want to use a hash, you can set it to `HEAD` to supply coveralls with the latest commit data. This requires git to be installed and executable on the current PATH.\n\n[travis-image]: https://travis-ci.org/cainus/node-coveralls.svg?branch=master\n[travis-url]: https://travis-ci.org/cainus/node-coveralls\n\n[codeship-image]: https://www.codeship.io/projects/de6fb440-dea9-0130-e7d9-122ca7ee39d3/status\n[codeship-url]: https://www.codeship.io/projects/5622\n\n[coveralls-image]: https://img.shields.io/coveralls/cainus/node-coveralls.svg?branch=master\n[coveralls-url]: https://coveralls.io/r/cainus/node-coveralls?branch=master\n\n## Contributing\n\nI generally don\'t accept pull requests that are untested, or break the build, because I\'d like to keep the quality high (this is a coverage tool afterall!).\n\nI also don\'t care for "soft-versioning" or "optimistic versioning" (dependencies that have ^, x, > in them, or anything other than numbers and dots).  There have been too many problems with bad semantic versioning in dependencies, and I\'d rather have a solid library than a bleeding edge one.\n\n\n\n',
150 silly resolved     readmeFilename: 'README.md',
150 silly resolved     homepage: 'https://github.com/cainus/node-coveralls',
150 silly resolved     _id: 'coveralls@2.11.1',
150 silly resolved     dist: { shasum: '22e25966310a15951e0fcfc159e000c565a43342' },
150 silly resolved     _from: 'coveralls@',
150 silly resolved     _resolved: 'http://registry.cnpmjs.org/coveralls/download/coveralls-2.11.1.tgz' } ]
151 info install coveralls@2.11.1 into /usr/local/lib
152 info installOne coveralls@2.11.1
153 info /usr/local/lib/node_modules/coveralls unbuild
154 info preuninstall coveralls@2.8.0
155 info uninstall coveralls@2.8.0
156 verbose true,/usr/local/lib/node_modules,/usr/local/lib/node_modules unbuild coveralls@2.8.0
157 verbose /usr/local/bin,[object Object] binRoot
158 info /usr/local/lib/node_modules/coveralls unbuild
159 info preuninstall coveralls@2.8.0
160 info uninstall coveralls@2.8.0
161 verbose true,/usr/local/lib/node_modules,/usr/local/lib/node_modules unbuild coveralls@2.8.0
162 verbose /usr/local/bin,[object Object] binRoot
163 error error rolling back Error: EACCES, unlink '/usr/local/bin/coveralls'
163 error error rolling back  coveralls@2.11.1 { [Error: EACCES, unlink '/usr/local/bin/coveralls'] errno: 3, code: 'EACCES', path: '/usr/local/bin/coveralls' }
164 error Error: EACCES, unlink '/usr/local/bin/coveralls'
164 error  { [Error: EACCES, unlink '/usr/local/bin/coveralls'] errno: 3, code: 'EACCES', path: '/usr/local/bin/coveralls' }
165 error Please try running this command again as root/Administrator.
166 error System Darwin 12.5.0
167 error command "node" "/usr/local/bin/npm" "install" "-g" "coveralls"
168 error cwd /Users/yuhong/Documents/Projects/PomeMarket
169 error node -v v0.10.24
170 error npm -v 1.3.21
171 error path /usr/local/bin/coveralls
172 error code EACCES
173 error errno 3
174 error stack Error: EACCES, unlink '/usr/local/bin/coveralls'
175 verbose exit [ 3, true ]
